  animations.cpp
  anti_aim.cpp
  bullet_tracers.cpp
  buy_bot.cpp
  bytesarray.cpp
  chams.cpp
  checksum_crc32.cpp
  clantag.cpp
  cmd_shift.cpp
  convars.cpp
  detour_hooks.cpp
  engine_prediction.cpp
  entities.cpp
  esp.cpp
  esp_object_render.cpp
  eventlistener.cpp
  event_logs.cpp
  exploits.cpp
  fake_lag.cpp
  features.cpp
  fov_and_view.cpp
  game_movement.cpp
  globals.cpp
  dllmain.cpp
  glow.cpp
  grenade_prediction.cpp
  hooks.cpp
  hud_hacks.cpp
  imgui.cpp
  imgui_draw.cpp
  imgui_freetype.cpp
  imgui_impl_dx9.cpp
  imgui_impl_win32.cpp
  imgui_widgets.cpp
  interfaces.cpp
  jsoncpp.cpp
  key_states.cpp
  lagcomp.cpp
  config_system.cpp
  config_vars.cpp
  legacy_str.cpp
  button.cpp
  checkbox.cpp
  colorpicker.cpp
  combobox.cpp
  keybind.cpp
  listbox.cpp
  slider.cpp
  textbox.cpp
  menu.cpp
  menu_indicators.cpp
  menu_tabs.cpp
  snow.cpp
  main_utils.cpp
  math.cpp
  md5_pseudo_random.cpp
  memory.cpp
  misc_structs.cpp
  modules.cpp
  movement.cpp
  netvars.cpp
  offsets.cpp
  entlistener.cpp
  penetration.cpp
  post_processing.cpp
  predfix.cpp
  ragebot.cpp
  remove_projectiles.cpp
  render.cpp
  resolver.cpp
  sdk_misc.cpp
  server_bones.cpp
  skins.cpp
  spoofers.cpp
  structs.cpp
  thirdperson.cpp
  threaded_animstate.cpp
  threads.cpp
  vgui_panel.cpp
  vmt_hooks.cpp
  world_modulation.cpp
  xorpointer.cpp
  xorstr.cpp
LINK : fatal error LNK1181: не удается открыть входной файл "PolyHook_2.lib"
